[debug] [2024-05-07T13:45:48.242Z] ----------------------------------------------------------------------
[debug] [2024-05-07T13:45:48.245Z] Command:       C:\Program Files\nodejs\node.exe C:\Users\Himanshu_ct\AppData\Roaming\npm\node_modules\firebase-tools\lib\bin\firebase.js init
[debug] [2024-05-07T13:45:48.245Z] CLI Version:   13.8.0
[debug] [2024-05-07T13:45:48.246Z] Platform:      win32
[debug] [2024-05-07T13:45:48.246Z] Node Version:  v18.20.1
[debug] [2024-05-07T13:45:48.247Z] Time:          Tue May 07 2024 19:15:48 GMT+0530 (India Standard Time)
[debug] [2024-05-07T13:45:48.248Z] ----------------------------------------------------------------------
[debug] 
[debug] [2024-05-07T13:45:48.357Z] > command requires scopes: ["email","openid","https://www.googleapis.com/auth/cloudplatformprojects.readonly","https://www.googleapis.com/auth/firebase","https://www.googleapis.com/auth/cloud-platform"]
[debug] [2024-05-07T13:45:48.358Z] > authorizing via signed-in user (palashjain.ctinfotech@gmail.com)
[info] 
     ######## #### ########  ######## ########     ###     ######  ########
     ##        ##  ##     ## ##       ##     ##  ##   ##  ##       ##
     ######    ##  ########  ######   ########  #########  ######  ######
     ##        ##  ##    ##  ##       ##     ## ##     ##       ## ##
     ##       #### ##     ## ######## ########  ##     ##  ######  ########

You're about to initialize a Firebase project in this directory:

  D:\ClubLoyakty\loyal-club-ui

Before we get started, keep in mind:

  * You are initializing within an existing Firebase project directory

[info] 
=== Project Setup
[info] 
[info] First, let's associate this project directory with a Firebase project.
[info] You can create multiple project aliases by running firebase use --add, 
[info] but for now we'll just set up a default project.
[info] 
[debug] [2024-05-07T13:45:58.136Z] Using project from CLI flag: clubloyalty-abd8b
[debug] [2024-05-07T13:45:58.140Z] >>> [apiv2][query] GET https://firebase.googleapis.com/v1beta1/projects/clubloyalty-abd8b [none]
[debug] [2024-05-07T13:45:59.056Z] <<< [apiv2][status] GET https://firebase.googleapis.com/v1beta1/projects/clubloyalty-abd8b 200
[debug] [2024-05-07T13:45:59.056Z] <<< [apiv2][body] GET https://firebase.googleapis.com/v1beta1/projects/clubloyalty-abd8b {"projectId":"clubloyalty-abd8b","projectNumber":"97317602521","displayName":"ClubLoyalty","name":"projects/clubloyalty-abd8b","resources":{"hostingSite":"clubloyalty-abd8b"},"state":"ACTIVE","etag":"1_36ee845e-c2d0-419c-9864-0f7e250f22ca"}
[info] i  Using project clubloyalty-abd8b (ClubLoyalty) 
[info] 
=== Hosting Setup
[debug] [2024-05-07T13:45:59.098Z] >>> [apiv2][query] GET https://firebase.googleapis.com/v1beta1/projects/clubloyalty-abd8b [none]
[debug] [2024-05-07T13:45:59.749Z] <<< [apiv2][status] GET https://firebase.googleapis.com/v1beta1/projects/clubloyalty-abd8b 200
[debug] [2024-05-07T13:45:59.749Z] <<< [apiv2][body] GET https://firebase.googleapis.com/v1beta1/projects/clubloyalty-abd8b {"projectId":"clubloyalty-abd8b","projectNumber":"97317602521","displayName":"ClubLoyalty","name":"projects/clubloyalty-abd8b","resources":{"hostingSite":"clubloyalty-abd8b"},"state":"ACTIVE","etag":"1_36ee845e-c2d0-419c-9864-0f7e250f22ca"}
[info] 
[info] Your public directory is the folder (relative to your project directory) that
[info] will contain Hosting assets to be uploaded with firebase deploy. If you
[info] have a build process for your assets, use your build's output directory.
[info] 
